<?xml version="1.0" encoding="UTF-8"?>
<!-- Generated by org.testng.reporters.JUnitXMLReporter -->
<testsuite ignored="0" hostname="Asus_Vivobook" failures="0" tests="10" name="Test" time="215.183" errors="0" timestamp="2026-04-28T20:21:41 IST">
  <testcase classname="testScript.HomeTest" name="verifyLogout" time="1.464"/>
  <testcase classname="testScript.LoginTest" name="verifyTheUserIsAbleToLoginUsingValidCredentials" time="0.624"/>
  <testcase classname="testScript.LoginTest" name="verifyTheUserIsUnableToLoginUsingWrongPassword" time="1.924"/>
  <testcase classname="testScript.LoginTest" name="verifyTheUserIsUnableToLoginUsingWrongUserName" time="0.489"/>
  <testcase classname="testScript.LoginTest" name="verifyTheUserIsUnableToLoginUsingInvalidCredentials" time="0.783"/>
  <testcase classname="testScript.ManageNewsTest" name="verifyManageNews" time="3.611"/>
  <testcase classname="testScript.AdminUsersTest" name="verifyAdminUsersPage" time="4.767"/>
  <testcase classname="testScript.ManageContactTest" name="validateManageContactPage" time="3.048"/>
  <testcase classname="testScript.ManageCategoryTest" name="validateManageCategory" time="7.427"/>
  <testcase classname="testScript.ManageFooterTextTest" name="validateManageFooterText" time="2.011"/>
</testsuite> <!-- Test -->
