<?xml version="1.0" encoding="UTF-8"?>
<!-- Generated by org.testng.reporters.JUnitXMLReporter -->
<testsuite ignored="2" hostname="Asus_Vivobook" failures="0" tests="5" name="Chrome Test" time="12.853" errors="0" timestamp="2026-04-28T20:26:41 IST">
  <testcase classname="testScript.LoginTest" name="verifyTheUserIsAbleToLoginUsingValidCredentials" time="0.085">
    <skipped/>
  </testcase> <!-- verifyTheUserIsAbleToLoginUsingValidCredentials -->
  <testcase classname="testScript.LoginTest" name="verifyTheUserIsUnableToLoginUsingWrongPassword" time="0.126">
    <skipped/>
  </testcase> <!-- verifyTheUserIsUnableToLoginUsingWrongPassword -->
  <testcase classname="testScript.LoginTest" name="verifyTheUserIsUnableToLoginUsingWrongPassword" time="0.739"/>
  <testcase classname="testScript.LoginTest" name="verifyTheUserIsAbleToLoginUsingValidCredentials" time="2.772">
    <skipped/>
  </testcase> <!-- verifyTheUserIsAbleToLoginUsingValidCredentials -->
  <testcase classname="testScript.LoginTest" name="verifyTheUserIsAbleToLoginUsingValidCredentials" time="0.749"/>
  <testcase classname="testScript.LoginTest" name="verifyTheUserIsUnableToLoginUsingWrongUserName" time="0.0">
    <ignored/>
  </testcase> <!-- verifyTheUserIsUnableToLoginUsingWrongUserName -->
  <testcase classname="testScript.LoginTest" name="verifyTheUserIsUnableToLoginUsingInvalidCredentials" time="0.0">
    <ignored/>
  </testcase> <!-- verifyTheUserIsUnableToLoginUsingInvalidCredentials -->
</testsuite> <!-- Chrome Test -->
