<?xml version="1.0" encoding="UTF-8"?>
<!-- Generated by org.testng.reporters.JUnitXMLReporter -->
<testsuite ignored="0" hostname="Asus_Vivobook" failures="2" tests="12" name="Edge Test" time="42.93" errors="0" timestamp="2026-04-27T10:57:57 IST">
  <testcase classname="testScript.LogoutTest" name="verifyLogout" time="0.961"/>
  <testcase classname="testScript.LoginTest" name="verifyTheUserIsAbleToLoginUsingValidCredentials" time="0.591"/>
  <testcase classname="testScript.LoginTest" name="verifyTheUserIsUnableToLoginUsingWrongPassword" time="0.352"/>
  <testcase classname="testScript.LoginTest" name="verifyTheUserIsUnableToLoginUsingWrongUserName" time="0.356">
    <failure type="org.openqa.selenium.NoSuchElementException" message="no such element: Unable to locate element: {&amp;quot;method&amp;quot;:&amp;quot;xpath&amp;quot;,&amp;quot;selector&amp;quot;:&amp;quot;//div[contains(@class,&amp;apos;alert-dismissible&amp;apos;)]&amp;quot;}
  (Session info: MicrosoftEdge=147.0.3912.72)
For documentation on this error, please visit: https://www.selenium.dev/documentation/webdriver/troubleshooting/errors#nosuchelementexception
Build info: version: &amp;apos;4.39.0&amp;apos;, revision: &amp;apos;126f156aee&amp;apos;
System info: os.name: &amp;apos;Windows 11&amp;apos;, os.arch: &amp;apos;amd64&amp;apos;, os.version: &amp;apos;10.0&amp;apos;, java.version: &amp;apos;21.0.10&amp;apos;
Driver info: org.openqa.selenium.edge.EdgeDriver
Command: [8cb41469b7f6b674cd02af19b55a9d34, findElement {value=//div[contains(@class,&amp;apos;alert-dismissible&amp;apos;)], using=xpath}]
Capabilities {acceptInsecureCerts: false, browserName: MicrosoftEdge, browserVersion: 147.0.3912.72, fedcm:accounts: true, goog:processID: 34948, ms:edgeOptions: {debuggerAddress: localhost:60852}, msedge: {msedgedriverVersion: 147.0.3912.86 (3a0d90fcf938..., userDataDir: C:\Users\joelt\AppData\Loca...}, networkConnectionEnabled: false, pageLoadStrategy: normal, platformName: windows, proxy: Proxy(), se:cdp: ws://localhost:60852/devtoo..., se:cdpVersion: 147.0.3912.72, setWindowRect: true, strictFileInteractability: false, timeouts: {implicit: 0, pageLoad: 300000, script: 30000}, unhandledPromptBehavior: dismiss and notify, webauthn:extension:credBlob: true, webauthn:extension:largeBlob: true, webauthn:extension:minPinLength: true, webauthn:extension:prf: true, webauthn:virtualAuthenticators: true}
Session ID: 8cb41469b7f6b674cd02af19b55a9d34">
      <![CDATA[org.openqa.selenium.NoSuchElementException: no such element: Unable to locate element: {"method":"xpath","selector":"//div[contains(@class,'alert-dismissible')]"}
  (Session info: MicrosoftEdge=147.0.3912.72)
For documentation on this error, please visit: https://www.selenium.dev/documentation/webdriver/troubleshooting/errors#nosuchelementexception
Build info: version: '4.39.0', revision: '126f156aee'
System info: os.name: 'Windows 11', os.arch: 'amd64', os.version: '10.0', java.version: '21.0.10'
Driver info: org.openqa.selenium.edge.EdgeDriver
Command: [8cb41469b7f6b674cd02af19b55a9d34, findElement {value=//div[contains(@class,'alert-dismissible')], using=xpath}]
Capabilities {acceptInsecureCerts: false, browserName: MicrosoftEdge, browserVersion: 147.0.3912.72, fedcm:accounts: true, goog:processID: 34948, ms:edgeOptions: {debuggerAddress: localhost:60852}, msedge: {msedgedriverVersion: 147.0.3912.86 (3a0d90fcf938..., userDataDir: C:\Users\joelt\AppData\Loca...}, networkConnectionEnabled: false, pageLoadStrategy: normal, platformName: windows, proxy: Proxy(), se:cdp: ws://localhost:60852/devtoo..., se:cdpVersion: 147.0.3912.72, setWindowRect: true, strictFileInteractability: false, timeouts: {implicit: 0, pageLoad: 300000, script: 30000}, unhandledPromptBehavior: dismiss and notify, webauthn:extension:credBlob: true, webauthn:extension:largeBlob: true, webauthn:extension:minPinLength: true, webauthn:extension:prf: true, webauthn:virtualAuthenticators: true}
Session ID: 8cb41469b7f6b674cd02af19b55a9d34
at org.openqa.selenium.remote.ErrorCodec.decode(ErrorCodec.java:167)
at org.openqa.selenium.remote.codec.w3c.W3CHttpResponseCodec.decode(W3CHttpResponseCodec.java:142)
at org.openqa.selenium.remote.codec.w3c.W3CHttpResponseCodec.decode(W3CHttpResponseCodec.java:49)
at org.openqa.selenium.remote.HttpCommandExecutor.execute(HttpCommandExecutor.java:215)
at org.openqa.selenium.remote.service.DriverCommandExecutor.invokeExecute(DriverCommandExecutor.java:216)
at org.openqa.selenium.remote.service.DriverCommandExecutor.execute(DriverCommandExecutor.java:174)
at org.openqa.selenium.remote.RemoteWebDriver.execute(RemoteWebDriver.java:561)
at org.openqa.selenium.remote.ElementLocation$ElementFinder$2.findElement(ElementLocation.java:166)
at org.openqa.selenium.remote.ElementLocation.findElement(ElementLocation.java:60)
at org.openqa.selenium.remote.RemoteWebDriver.findElement(RemoteWebDriver.java:384)
at org.openqa.selenium.remote.RemoteWebDriver.findElement(RemoteWebDriver.java:378)
at org.openqa.selenium.support.pagefactory.DefaultElementLocator.findElement(DefaultElementLocator.java:68)
at org.openqa.selenium.support.pagefactory.internal.LocatingElementHandler.invoke(LocatingElementHandler.java:38)
at jdk.proxy2/jdk.proxy2.$Proxy13.isDisplayed(Unknown Source)
at pages.LoginPage.isAlertMessageDisplayed(LoginPage.java:44)
at testScript.LoginTest.verifyTheUserIsUnableToLoginUsingWrongUserName(LoginTest.java:52)
at java.base/java.util.ArrayList.forEach(ArrayList.java:1596)
... Removed 28 stack frames]]>
    </failure>
  </testcase> <!-- verifyTheUserIsUnableToLoginUsingWrongUserName -->
  <testcase classname="testScript.LoginTest" name="verifyTheUserIsUnableToLoginUsingInvalidCredentials" time="0.374"/>
  <testcase classname="testScript.ManageNewsTest" name="verifyManageNews" time="1.607"/>
  <testcase classname="testScript.AdminUsersTest" name="verifyAdminUsersPage" time="1.745"/>
  <testcase classname="testScript.ManageContactTest" name="validateManageContactPage" time="1.476"/>
  <testcase classname="testScript.ManageCategoryTest" name="validateManageCategory" time="1.903">
    <skipped/>
  </testcase> <!-- validateManageCategory -->
  <testcase classname="testScript.ManageCategoryTest" name="validateManageCategory" time="1.715">
    <skipped/>
  </testcase> <!-- validateManageCategory -->
  <testcase classname="testScript.ManageCategoryTest" name="validateManageCategory" time="1.59">
    <failure type="org.openqa.selenium.NoSuchElementException" message="no such element: Unable to locate element: {&amp;quot;method&amp;quot;:&amp;quot;xpath&amp;quot;,&amp;quot;selector&amp;quot;:&amp;quot;//div[contains(@class,&amp;apos;alert-success&amp;apos;)]&amp;quot;}
  (Session info: MicrosoftEdge=147.0.3912.72)
For documentation on this error, please visit: https://www.selenium.dev/documentation/webdriver/troubleshooting/errors#nosuchelementexception
Build info: version: &amp;apos;4.39.0&amp;apos;, revision: &amp;apos;126f156aee&amp;apos;
System info: os.name: &amp;apos;Windows 11&amp;apos;, os.arch: &amp;apos;amd64&amp;apos;, os.version: &amp;apos;10.0&amp;apos;, java.version: &amp;apos;21.0.10&amp;apos;
Driver info: org.openqa.selenium.edge.EdgeDriver
Command: [42d8749beb4ffde4e22b80e44a7b5f32, findElement {value=//div[contains(@class,&amp;apos;alert-success&amp;apos;)], using=xpath}]
Capabilities {acceptInsecureCerts: false, browserName: MicrosoftEdge, browserVersion: 147.0.3912.72, fedcm:accounts: true, goog:processID: 24516, ms:edgeOptions: {debuggerAddress: localhost:61716}, msedge: {msedgedriverVersion: 147.0.3912.86 (3a0d90fcf938..., userDataDir: C:\Users\joelt\AppData\Loca...}, networkConnectionEnabled: false, pageLoadStrategy: normal, platformName: windows, proxy: Proxy(), se:cdp: ws://localhost:61716/devtoo..., se:cdpVersion: 147.0.3912.72, setWindowRect: true, strictFileInteractability: false, timeouts: {implicit: 0, pageLoad: 300000, script: 30000}, unhandledPromptBehavior: dismiss and notify, webauthn:extension:credBlob: true, webauthn:extension:largeBlob: true, webauthn:extension:minPinLength: true, webauthn:extension:prf: true, webauthn:virtualAuthenticators: true}
Session ID: 42d8749beb4ffde4e22b80e44a7b5f32">
      <![CDATA[org.openqa.selenium.NoSuchElementException: no such element: Unable to locate element: {"method":"xpath","selector":"//div[contains(@class,'alert-success')]"}
  (Session info: MicrosoftEdge=147.0.3912.72)
For documentation on this error, please visit: https://www.selenium.dev/documentation/webdriver/troubleshooting/errors#nosuchelementexception
Build info: version: '4.39.0', revision: '126f156aee'
System info: os.name: 'Windows 11', os.arch: 'amd64', os.version: '10.0', java.version: '21.0.10'
Driver info: org.openqa.selenium.edge.EdgeDriver
Command: [42d8749beb4ffde4e22b80e44a7b5f32, findElement {value=//div[contains(@class,'alert-success')], using=xpath}]
Capabilities {acceptInsecureCerts: false, browserName: MicrosoftEdge, browserVersion: 147.0.3912.72, fedcm:accounts: true, goog:processID: 24516, ms:edgeOptions: {debuggerAddress: localhost:61716}, msedge: {msedgedriverVersion: 147.0.3912.86 (3a0d90fcf938..., userDataDir: C:\Users\joelt\AppData\Loca...}, networkConnectionEnabled: false, pageLoadStrategy: normal, platformName: windows, proxy: Proxy(), se:cdp: ws://localhost:61716/devtoo..., se:cdpVersion: 147.0.3912.72, setWindowRect: true, strictFileInteractability: false, timeouts: {implicit: 0, pageLoad: 300000, script: 30000}, unhandledPromptBehavior: dismiss and notify, webauthn:extension:credBlob: true, webauthn:extension:largeBlob: true, webauthn:extension:minPinLength: true, webauthn:extension:prf: true, webauthn:virtualAuthenticators: true}
Session ID: 42d8749beb4ffde4e22b80e44a7b5f32
at org.openqa.selenium.remote.ErrorCodec.decode(ErrorCodec.java:167)
at org.openqa.selenium.remote.codec.w3c.W3CHttpResponseCodec.decode(W3CHttpResponseCodec.java:142)
at org.openqa.selenium.remote.codec.w3c.W3CHttpResponseCodec.decode(W3CHttpResponseCodec.java:49)
at org.openqa.selenium.remote.HttpCommandExecutor.execute(HttpCommandExecutor.java:215)
at org.openqa.selenium.remote.service.DriverCommandExecutor.invokeExecute(DriverCommandExecutor.java:216)
at org.openqa.selenium.remote.service.DriverCommandExecutor.execute(DriverCommandExecutor.java:174)
at org.openqa.selenium.remote.RemoteWebDriver.execute(RemoteWebDriver.java:561)
at org.openqa.selenium.remote.ElementLocation$ElementFinder$2.findElement(ElementLocation.java:166)
at org.openqa.selenium.remote.ElementLocation.findElement(ElementLocation.java:60)
at org.openqa.selenium.remote.RemoteWebDriver.findElement(RemoteWebDriver.java:384)
at org.openqa.selenium.remote.RemoteWebDriver.findElement(RemoteWebDriver.java:378)
at org.openqa.selenium.support.pagefactory.DefaultElementLocator.findElement(DefaultElementLocator.java:68)
at org.openqa.selenium.support.pagefactory.internal.LocatingElementHandler.invoke(LocatingElementHandler.java:38)
at jdk.proxy2/jdk.proxy2.$Proxy13.getText(Unknown Source)
at pages.ManageCategoryPage.getAlertText(ManageCategoryPage.java:62)
at testScript.ManageCategoryTest.validateManageCategory(ManageCategoryTest.java:35)
at java.base/java.util.ArrayList.forEach(ArrayList.java:1596)
... Removed 28 stack frames]]>
    </failure>
  </testcase> <!-- validateManageCategory -->
  <testcase classname="testScript.ManageFooterTextTest" name="validateManageFooterText" time="1.635"/>
</testsuite> <!-- Edge Test -->
