<?xml version="1.0" encoding="UTF-8"?>
<!-- Generated by org.testng.reporters.JUnitXMLReporter -->
<testsuite ignored="0" hostname="Asus_Vivobook" failures="1" tests="12" name="Firefox Test" time="556.487" errors="0" timestamp="2026-04-27T11:07:14 IST">
  <testcase classname="testScript.LogoutTest" name="verifyLogout" time="1.364"/>
  <testcase classname="testScript.LoginTest" name="verifyTheUserIsAbleToLoginUsingValidCredentials" time="0.657"/>
  <testcase classname="testScript.LoginTest" name="verifyTheUserIsUnableToLoginUsingWrongPassword" time="0.359"/>
  <testcase classname="testScript.LoginTest" name="verifyTheUserIsUnableToLoginUsingWrongUserName" time="0.33"/>
  <testcase classname="testScript.LoginTest" name="verifyTheUserIsUnableToLoginUsingInvalidCredentials" time="0.315"/>
  <testcase classname="testScript.ManageNewsTest" name="verifyManageNews" time="1.794"/>
  <testcase classname="testScript.AdminUsersTest" name="verifyAdminUsersPage" time="5.164">
    <skipped/>
  </testcase> <!-- verifyAdminUsersPage -->
  <testcase classname="testScript.AdminUsersTest" name="verifyAdminUsersPage" time="342.584">
    <skipped/>
  </testcase> <!-- verifyAdminUsersPage -->
  <testcase classname="testScript.AdminUsersTest" name="verifyAdminUsersPage" time="0.02">
    <failure type="org.openqa.selenium.NoSuchElementException" message="Unable to locate element: //input[@placeholder=&amp;apos;Username&amp;apos;]
For documentation on this error, please visit: https://www.selenium.dev/documentation/webdriver/troubleshooting/errors#nosuchelementexception
Build info: version: &amp;apos;4.39.0&amp;apos;, revision: &amp;apos;126f156aee&amp;apos;
System info: os.name: &amp;apos;Windows 11&amp;apos;, os.arch: &amp;apos;amd64&amp;apos;, os.version: &amp;apos;10.0&amp;apos;, java.version: &amp;apos;21.0.10&amp;apos;
Driver info: org.openqa.selenium.firefox.FirefoxDriver
Command: [02feba2a-76e4-4dd5-b6e7-18241dccc174, findElement {value=//input[@placeholder=&amp;apos;Username&amp;apos;], using=xpath}]
Capabilities {acceptInsecureCerts: true, browserName: firefox, browserVersion: 150.0, moz:accessibilityChecks: false, moz:buildID: 20260415192539, moz:geckodriverVersion: 0.36.0, moz:headless: false, moz:platformVersion: 10.0, moz:processID: 35796, moz:profile: C:\Users\joelt\AppData\Loca..., moz:shutdownTimeout: 60000, moz:webdriverClick: true, moz:windowless: false, pageLoadStrategy: normal, platformName: windows, proxy: Proxy(), setWindowRect: true, strictFileInteractability: false, timeouts: {implicit: 0, pageLoad: 300000, script: 30000}, unhandledPromptBehavior: dismiss and notify, userAgent: Mozilla/5.0 (Windows NT 10....}
Session ID: 02feba2a-76e4-4dd5-b6e7-18241dccc174">
      <![CDATA[org.openqa.selenium.NoSuchElementException: Unable to locate element: //input[@placeholder='Username']
For documentation on this error, please visit: https://www.selenium.dev/documentation/webdriver/troubleshooting/errors#nosuchelementexception
Build info: version: '4.39.0', revision: '126f156aee'
System info: os.name: 'Windows 11', os.arch: 'amd64', os.version: '10.0', java.version: '21.0.10'
Driver info: org.openqa.selenium.firefox.FirefoxDriver
Command: [02feba2a-76e4-4dd5-b6e7-18241dccc174, findElement {value=//input[@placeholder='Username'], using=xpath}]
Capabilities {acceptInsecureCerts: true, browserName: firefox, browserVersion: 150.0, moz:accessibilityChecks: false, moz:buildID: 20260415192539, moz:geckodriverVersion: 0.36.0, moz:headless: false, moz:platformVersion: 10.0, moz:processID: 35796, moz:profile: C:\Users\joelt\AppData\Loca..., moz:shutdownTimeout: 60000, moz:webdriverClick: true, moz:windowless: false, pageLoadStrategy: normal, platformName: windows, proxy: Proxy(), setWindowRect: true, strictFileInteractability: false, timeouts: {implicit: 0, pageLoad: 300000, script: 30000}, unhandledPromptBehavior: dismiss and notify, userAgent: Mozilla/5.0 (Windows NT 10....}
Session ID: 02feba2a-76e4-4dd5-b6e7-18241dccc174
at org.openqa.selenium.remote.ErrorCodec.decode(ErrorCodec.java:167)
at org.openqa.selenium.remote.codec.w3c.W3CHttpResponseCodec.decode(W3CHttpResponseCodec.java:142)
at org.openqa.selenium.remote.codec.w3c.W3CHttpResponseCodec.decode(W3CHttpResponseCodec.java:49)
at org.openqa.selenium.remote.HttpCommandExecutor.execute(HttpCommandExecutor.java:215)
at org.openqa.selenium.remote.service.DriverCommandExecutor.invokeExecute(DriverCommandExecutor.java:216)
at org.openqa.selenium.remote.service.DriverCommandExecutor.execute(DriverCommandExecutor.java:174)
at org.openqa.selenium.remote.RemoteWebDriver.execute(RemoteWebDriver.java:561)
at org.openqa.selenium.remote.ElementLocation$ElementFinder$2.findElement(ElementLocation.java:166)
at org.openqa.selenium.remote.ElementLocation.findElement(ElementLocation.java:60)
at org.openqa.selenium.remote.RemoteWebDriver.findElement(RemoteWebDriver.java:384)
at org.openqa.selenium.remote.RemoteWebDriver.findElement(RemoteWebDriver.java:378)
at org.openqa.selenium.support.pagefactory.DefaultElementLocator.findElement(DefaultElementLocator.java:68)
at org.openqa.selenium.support.pagefactory.internal.LocatingElementHandler.invoke(LocatingElementHandler.java:38)
at jdk.proxy2/jdk.proxy2.$Proxy13.sendKeys(Unknown Source)
at pages.LoginPage.enterUserName(LoginPage.java:24)
at testScript.AdminUsersTest.verifyAdminUsersPage(AdminUsersTest.java:21)
at java.base/java.util.ArrayList.forEach(ArrayList.java:1596)
... Removed 28 stack frames]]>
    </failure>
  </testcase> <!-- verifyAdminUsersPage -->
  <testcase classname="testScript.ManageContactTest" name="validateManageContactPage" time="0.0">
    <skipped/>
  </testcase> <!-- validateManageContactPage -->
  <testcase classname="testScript.ManageCategoryTest" name="validateManageCategory" time="0.0">
    <skipped/>
  </testcase> <!-- validateManageCategory -->
  <testcase classname="testScript.ManageFooterTextTest" name="validateManageFooterText" time="0.0">
    <skipped/>
  </testcase> <!-- validateManageFooterText -->
</testsuite> <!-- Firefox Test -->
