<?xml version="1.0" encoding="UTF-8"?>
<testng-results ignored="0" total="5" passed="5" failed="0" skipped="0">
  <reporter-output>
  </reporter-output>
  <suite started-at="2026-04-29T09:58:05 IST" name="Suite" finished-at="2026-04-29T09:58:24 IST" duration-ms="19490">
    <groups>
      <group name="regression">
        <method signature="LoginTest.verifyTheUserIsAbleToLoginUsingValidCredentials()[pri:1, instance:testScript.LoginTest@74287ea3]" name="verifyTheUserIsAbleToLoginUsingValidCredentials" class="testScript.LoginTest"/>
      </group> <!-- regression -->
      <group name="sanity">
        <method signature="LoginTest.verifyTheUserIsUnableToLoginUsingWrongPassword()[pri:2, instance:testScript.LoginTest@74287ea3]" name="verifyTheUserIsUnableToLoginUsingWrongPassword" class="testScript.LoginTest"/>
        <method signature="LoginTest.verifyTheUserIsUnableToLoginUsingInvalidCredentials()[pri:4, instance:testScript.LoginTest@74287ea3]" name="verifyTheUserIsUnableToLoginUsingInvalidCredentials" class="testScript.LoginTest"/>
      </group> <!-- sanity -->
    </groups>
    <test started-at="2026-04-29T09:58:05 IST" name="Test" finished-at="2026-04-29T09:58:24 IST" duration-ms="19490">
      <class name="testScript.LoginTest">
        <test-method is-config="true" signature="browserInitialization(java.lang.String)[pri:0, instance:testScript.LoginTest@74287ea3]" started-at="2026-04-29T09:58:10 IST" name="browserInitialization" finished-at="2026-04-29T09:58:13 IST" duration-ms="2310" status="PASS">
          <params>
            <param index="0">
              <value>
                <![CDATA[chrome]]>
              </value>
            </param>
          </params>
          <reporter-output>
          </reporter-output>
        </test-method> <!-- browserInitialization -->
        <test-method signature="verifyTheUserIsAbleToLoginUsingValidCredentials()[pri:1, instance:testScript.LoginTest@74287ea3]" started-at="2026-04-29T09:58:13 IST" name="verifyTheUserIsAbleToLoginUsingValidCredentials" description="This testcase is to validate that the user is successfully logged in to the web application using valid credentials" finished-at="2026-04-29T09:58:14 IST" duration-ms="1047" status="PASS">
          <reporter-output>
          </reporter-output>
        </test-method> <!-- verifyTheUserIsAbleToLoginUsingValidCredentials -->
        <test-method is-config="true" signature="browserQuit(org.testng.ITestResult)[pri:0, instance:testScript.LoginTest@74287ea3]" started-at="2026-04-29T09:58:14 IST" name="browserQuit" finished-at="2026-04-29T09:58:14 IST" duration-ms="3" status="PASS">
          <params>
            <param index="0">
              <value>
                <![CDATA[[TestResult name=verifyTheUserIsAbleToLoginUsingValidCredentials status=SUCCESS method=LoginTest.verifyTheUserIsAbleToLoginUsingValidCredentials()[pri:1, instance:testScript.LoginTest@74287ea3] output={null}]]]>
              </value>
            </param>
          </params>
          <reporter-output>
          </reporter-output>
        </test-method> <!-- browserQuit -->
        <test-method is-config="true" signature="browserInitialization(java.lang.String)[pri:0, instance:testScript.LoginTest@74287ea3]" started-at="2026-04-29T09:58:14 IST" name="browserInitialization" finished-at="2026-04-29T09:58:16 IST" duration-ms="2607" status="PASS">
          <params>
            <param index="0">
              <value>
                <![CDATA[chrome]]>
              </value>
            </param>
          </params>
          <reporter-output>
          </reporter-output>
        </test-method> <!-- browserInitialization -->
        <test-method signature="verifyTheUserIsUnableToLoginUsingWrongPassword()[pri:2, instance:testScript.LoginTest@74287ea3]" started-at="2026-04-29T09:58:16 IST" name="verifyTheUserIsUnableToLoginUsingWrongPassword" description="This testcase is to validate that the user is unable to login to the web application when wrong password is entered" finished-at="2026-04-29T09:58:17 IST" duration-ms="713" status="PASS">
          <reporter-output>
          </reporter-output>
        </test-method> <!-- verifyTheUserIsUnableToLoginUsingWrongPassword -->
        <test-method is-config="true" signature="browserQuit(org.testng.ITestResult)[pri:0, instance:testScript.LoginTest@74287ea3]" started-at="2026-04-29T09:58:17 IST" name="browserQuit" finished-at="2026-04-29T09:58:17 IST" duration-ms="1" status="PASS">
          <params>
            <param index="0">
              <value>
                <![CDATA[[TestResult name=verifyTheUserIsUnableToLoginUsingWrongPassword status=SUCCESS method=LoginTest.verifyTheUserIsUnableToLoginUsingWrongPassword()[pri:2, instance:testScript.LoginTest@74287ea3] output={null}]]]>
              </value>
            </param>
          </params>
          <reporter-output>
          </reporter-output>
        </test-method> <!-- browserQuit -->
        <test-method is-config="true" signature="browserInitialization(java.lang.String)[pri:0, instance:testScript.LoginTest@74287ea3]" started-at="2026-04-29T09:58:17 IST" name="browserInitialization" finished-at="2026-04-29T09:58:20 IST" duration-ms="2496" status="PASS">
          <params>
            <param index="0">
              <value>
                <![CDATA[chrome]]>
              </value>
            </param>
          </params>
          <reporter-output>
          </reporter-output>
        </test-method> <!-- browserInitialization -->
        <test-method signature="verifyTheUserIsUnableToLoginUsingWrongUserName()[pri:3, instance:testScript.LoginTest@74287ea3]" started-at="2026-04-29T09:58:20 IST" name="verifyTheUserIsUnableToLoginUsingWrongUserName" description="This testcase is to validate that the user is unable to login to the web application when wrong username is entered" finished-at="2026-04-29T09:58:20 IST" duration-ms="724" status="PASS">
          <reporter-output>
          </reporter-output>
        </test-method> <!-- verifyTheUserIsUnableToLoginUsingWrongUserName -->
        <test-method is-config="true" signature="browserQuit(org.testng.ITestResult)[pri:0, instance:testScript.LoginTest@74287ea3]" started-at="2026-04-29T09:58:20 IST" name="browserQuit" finished-at="2026-04-29T09:58:20 IST" duration-ms="0" status="PASS">
          <params>
            <param index="0">
              <value>
                <![CDATA[[TestResult name=verifyTheUserIsUnableToLoginUsingWrongUserName status=SUCCESS method=LoginTest.verifyTheUserIsUnableToLoginUsingWrongUserName()[pri:3, instance:testScript.LoginTest@74287ea3] output={null}]]]>
              </value>
            </param>
          </params>
          <reporter-output>
          </reporter-output>
        </test-method> <!-- browserQuit -->
        <test-method is-config="true" signature="browserInitialization(java.lang.String)[pri:0, instance:testScript.LoginTest@74287ea3]" started-at="2026-04-29T09:58:20 IST" name="browserInitialization" finished-at="2026-04-29T09:58:24 IST" duration-ms="3172" status="PASS">
          <params>
            <param index="0">
              <value>
                <![CDATA[chrome]]>
              </value>
            </param>
          </params>
          <reporter-output>
          </reporter-output>
        </test-method> <!-- browserInitialization -->
        <test-method signature="verifyTheUserIsUnableToLoginUsingInvalidCredentials()[pri:4, instance:testScript.LoginTest@74287ea3]" started-at="2026-04-29T09:58:24 IST" name="verifyTheUserIsUnableToLoginUsingInvalidCredentials" description="This testcase is to validate that the user is unable to login to the web application when both the credentials are wrong" finished-at="2026-04-29T09:58:24 IST" duration-ms="699" status="PASS">
          <reporter-output>
          </reporter-output>
        </test-method> <!-- verifyTheUserIsUnableToLoginUsingInvalidCredentials -->
        <test-method is-config="true" signature="browserQuit(org.testng.ITestResult)[pri:0, instance:testScript.LoginTest@74287ea3]" started-at="2026-04-29T09:58:24 IST" name="browserQuit" finished-at="2026-04-29T09:58:24 IST" duration-ms="0" status="PASS">
          <params>
            <param index="0">
              <value>
                <![CDATA[[TestResult name=verifyTheUserIsUnableToLoginUsingInvalidCredentials status=SUCCESS method=LoginTest.verifyTheUserIsUnableToLoginUsingInvalidCredentials()[pri:4, instance:testScript.LoginTest@74287ea3] output={null}]]]>
              </value>
            </param>
          </params>
          <reporter-output>
          </reporter-output>
        </test-method> <!-- browserQuit -->
      </class> <!-- testScript.LoginTest -->
      <class name="testScript.HomeTest">
        <test-method is-config="true" signature="browserInitialization(java.lang.String)[pri:0, instance:testScript.HomeTest@7d322cad]" started-at="2026-04-29T09:58:05 IST" name="browserInitialization" finished-at="2026-04-29T09:58:08 IST" duration-ms="3163" status="PASS">
          <params>
            <param index="0">
              <value>
                <![CDATA[chrome]]>
              </value>
            </param>
          </params>
          <reporter-output>
          </reporter-output>
        </test-method> <!-- browserInitialization -->
        <test-method signature="verifyLogout()[pri:0, instance:testScript.HomeTest@7d322cad]" started-at="2026-04-29T09:58:08 IST" name="verifyLogout" description="This testcase is to validate that the user is successfully logged out from the application" finished-at="2026-04-29T09:58:10 IST" duration-ms="2462" status="PASS">
          <reporter-output>
          </reporter-output>
        </test-method> <!-- verifyLogout -->
        <test-method is-config="true" signature="browserQuit(org.testng.ITestResult)[pri:0, instance:testScript.HomeTest@7d322cad]" started-at="2026-04-29T09:58:10 IST" name="browserQuit" finished-at="2026-04-29T09:58:10 IST" duration-ms="1" status="PASS">
          <params>
            <param index="0">
              <value>
                <![CDATA[[TestResult name=verifyLogout status=SUCCESS method=HomeTest.verifyLogout()[pri:0, instance:testScript.HomeTest@7d322cad] output={null}]]]>
              </value>
            </param>
          </params>
          <reporter-output>
          </reporter-output>
        </test-method> <!-- browserQuit -->
      </class> <!-- testScript.HomeTest -->
    </test> <!-- Test -->
  </suite> <!-- Suite -->
</testng-results>
