<?xml version="1.0" encoding="UTF-8"?>
<!-- Generated by org.testng.reporters.JUnitXMLReporter -->
<testsuite ignored="7" hostname="Asus_Vivobook" failures="0" tests="3" name="Test" time="15.001" errors="0" timestamp="2026-04-27T10:49:49 IST">
  <testcase classname="testScript.LoginTest" name="verifyTheUserIsUnableToLoginUsingWrongPassword" time="1.801"/>
  <testcase classname="testScript.LoginTest" name="verifyTheUserIsUnableToLoginUsingInvalidCredentials" time="0.652"/>
  <testcase classname="testScript.ManageFooterTextTest" name="validateManageFooterText" time="3.323"/>
  <testcase classname="testScript.ManageNewsTest" name="verifyManageNews" time="0.0">
    <ignored/>
  </testcase> <!-- verifyManageNews -->
  <testcase classname="testScript.LogoutTest" name="verifyLogout" time="0.0">
    <ignored/>
  </testcase> <!-- verifyLogout -->
  <testcase classname="testScript.LoginTest" name="verifyTheUserIsAbleToLoginUsingValidCredentials" time="0.0">
    <ignored/>
  </testcase> <!-- verifyTheUserIsAbleToLoginUsingValidCredentials -->
  <testcase classname="testScript.LoginTest" name="verifyTheUserIsUnableToLoginUsingWrongUserName" time="0.0">
    <ignored/>
  </testcase> <!-- verifyTheUserIsUnableToLoginUsingWrongUserName -->
  <testcase classname="testScript.AdminUsersTest" name="verifyAdminUsersPage" time="0.0">
    <ignored/>
  </testcase> <!-- verifyAdminUsersPage -->
  <testcase classname="testScript.ManageContactTest" name="validateManageContactPage" time="0.0">
    <ignored/>
  </testcase> <!-- validateManageContactPage -->
  <testcase classname="testScript.ManageCategoryTest" name="validateManageCategory" time="0.0">
    <ignored/>
  </testcase> <!-- validateManageCategory -->
</testsuite> <!-- Test -->
