<?xml version="1.0" encoding="UTF-8"?>
<!-- Generated by org.testng.reporters.JUnitReportReporter -->
<testsuite hostname="Asus_Vivobook" failures="0" tests="5" name="testScript.LoginTest" time="19.033" errors="0" timestamp="2026-04-28T20:26:41 IST" skipped="3">
  <testcase classname="testScript.LoginTest" name="verifyTheUserIsAbleToLoginUsingValidCredentials" time="3.028"/>
  <testcase classname="testScript.LoginTest" name="verifyTheUserIsAbleToLoginUsingValidCredentials" time="3.216">
    <skipped/>
  </testcase> <!-- verifyTheUserIsAbleToLoginUsingValidCredentials -->
  <testcase classname="testScript.LoginTest" name="verifyTheUserIsAbleToLoginUsingValidCredentials" time="5.635">
    <skipped/>
  </testcase> <!-- verifyTheUserIsAbleToLoginUsingValidCredentials -->
  <testcase classname="testScript.LoginTest" name="verifyTheUserIsUnableToLoginUsingWrongPassword" time="3.884"/>
  <testcase classname="testScript.LoginTest" name="verifyTheUserIsUnableToLoginUsingWrongPassword" time="3.270">
    <skipped/>
  </testcase> <!-- verifyTheUserIsUnableToLoginUsingWrongPassword -->
</testsuite> <!-- testScript.LoginTest -->
