<?xml version="1.0" encoding="UTF-8"?>
<!-- Generated by org.testng.reporters.JUnitReportReporter -->
<testsuite hostname="Asus_Vivobook" failures="0" tests="2" name="testScript.ManageCategoryTest" time="9.277" errors="0" timestamp="2026-04-28T20:27:26 IST" skipped="1">
  <testcase classname="testScript.ManageCategoryTest" name="validateManageCategory" time="6.451"/>
  <testcase classname="testScript.ManageCategoryTest" name="validateManageCategory" time="2.826">
    <skipped/>
  </testcase> <!-- validateManageCategory -->
</testsuite> <!-- testScript.ManageCategoryTest -->
