<?xml version="1.0" encoding="UTF-8"?>
<!-- Generated by org.testng.reporters.JUnitXMLReporter -->
<testsuite ignored="0" hostname="Asus_Vivobook" failures="2" tests="11" name="Edge Test" time="72.261" errors="0" timestamp="2026-04-27T10:51:12 IST">
  <testcase classname="testScript.ManageCategoryTest" name="validateManageCategory" time="6.547"/>
  <testcase classname="testScript.ManageContactTest" name="validateManageContactPage" time="3.184"/>
  <testcase classname="testScript.ManageFooterTextTest" name="validateManageFooterText" time="0.673">
    <skipped/>
  </testcase> <!-- validateManageFooterText -->
  <testcase classname="testScript.ManageFooterTextTest" name="validateManageFooterText" time="4.751"/>
  <testcase classname="testScript.AdminUsersTest" name="verifyAdminUsersPage" time="4.517"/>
  <testcase classname="testScript.LogoutTest" name="verifyLogout" time="2.093"/>
  <testcase classname="testScript.ManageNewsTest" name="verifyManageNews" time="4.064">
    <failure type="org.openqa.selenium.NoSuchElementException" message="no such element: Unable to locate element: {&amp;quot;method&amp;quot;:&amp;quot;xpath&amp;quot;,&amp;quot;selector&amp;quot;:&amp;quot;//div[contains(@class,&amp;apos;alert-success&amp;apos;) and contains(.,&amp;apos;News Created Successfully&amp;apos;)]&amp;quot;}
  (Session info: MicrosoftEdge=147.0.3912.72)
For documentation on this error, please visit: https://www.selenium.dev/documentation/webdriver/troubleshooting/errors#nosuchelementexception
Build info: version: &amp;apos;4.39.0&amp;apos;, revision: &amp;apos;126f156aee&amp;apos;
System info: os.name: &amp;apos;Windows 11&amp;apos;, os.arch: &amp;apos;amd64&amp;apos;, os.version: &amp;apos;10.0&amp;apos;, java.version: &amp;apos;21.0.10&amp;apos;
Driver info: org.openqa.selenium.edge.EdgeDriver
Command: [5f203b23e83d181e91ea51581f251778, findElement {value=//div[contains(@class,&amp;apos;alert-success&amp;apos;) and contains(.,&amp;apos;News Created Successfully&amp;apos;)], using=xpath}]
Capabilities {acceptInsecureCerts: false, browserName: MicrosoftEdge, browserVersion: 147.0.3912.72, fedcm:accounts: true, goog:processID: 37376, ms:edgeOptions: {debuggerAddress: localhost:54022}, msedge: {msedgedriverVersion: 147.0.3912.86 (3a0d90fcf938..., userDataDir: C:\Users\joelt\AppData\Loca...}, networkConnectionEnabled: false, pageLoadStrategy: normal, platformName: windows, proxy: Proxy(), se:cdp: ws://localhost:54022/devtoo..., se:cdpVersion: 147.0.3912.72, setWindowRect: true, strictFileInteractability: false, timeouts: {implicit: 0, pageLoad: 300000, script: 30000}, unhandledPromptBehavior: dismiss and notify, webauthn:extension:credBlob: true, webauthn:extension:largeBlob: true, webauthn:extension:minPinLength: true, webauthn:extension:prf: true, webauthn:virtualAuthenticators: true}
Session ID: 5f203b23e83d181e91ea51581f251778">
      <![CDATA[org.openqa.selenium.NoSuchElementException: no such element: Unable to locate element: {"method":"xpath","selector":"//div[contains(@class,'alert-success') and contains(.,'News Created Successfully')]"}
  (Session info: MicrosoftEdge=147.0.3912.72)
For documentation on this error, please visit: https://www.selenium.dev/documentation/webdriver/troubleshooting/errors#nosuchelementexception
Build info: version: '4.39.0', revision: '126f156aee'
System info: os.name: 'Windows 11', os.arch: 'amd64', os.version: '10.0', java.version: '21.0.10'
Driver info: org.openqa.selenium.edge.EdgeDriver
Command: [5f203b23e83d181e91ea51581f251778, findElement {value=//div[contains(@class,'alert-success') and contains(.,'News Created Successfully')], using=xpath}]
Capabilities {acceptInsecureCerts: false, browserName: MicrosoftEdge, browserVersion: 147.0.3912.72, fedcm:accounts: true, goog:processID: 37376, ms:edgeOptions: {debuggerAddress: localhost:54022}, msedge: {msedgedriverVersion: 147.0.3912.86 (3a0d90fcf938..., userDataDir: C:\Users\joelt\AppData\Loca...}, networkConnectionEnabled: false, pageLoadStrategy: normal, platformName: windows, proxy: Proxy(), se:cdp: ws://localhost:54022/devtoo..., se:cdpVersion: 147.0.3912.72, setWindowRect: true, strictFileInteractability: false, timeouts: {implicit: 0, pageLoad: 300000, script: 30000}, unhandledPromptBehavior: dismiss and notify, webauthn:extension:credBlob: true, webauthn:extension:largeBlob: true, webauthn:extension:minPinLength: true, webauthn:extension:prf: true, webauthn:virtualAuthenticators: true}
Session ID: 5f203b23e83d181e91ea51581f251778
at org.openqa.selenium.remote.ErrorCodec.decode(ErrorCodec.java:167)
at org.openqa.selenium.remote.codec.w3c.W3CHttpResponseCodec.decode(W3CHttpResponseCodec.java:142)
at org.openqa.selenium.remote.codec.w3c.W3CHttpResponseCodec.decode(W3CHttpResponseCodec.java:49)
at org.openqa.selenium.remote.HttpCommandExecutor.execute(HttpCommandExecutor.java:215)
at org.openqa.selenium.remote.service.DriverCommandExecutor.invokeExecute(DriverCommandExecutor.java:216)
at org.openqa.selenium.remote.service.DriverCommandExecutor.execute(DriverCommandExecutor.java:174)
at org.openqa.selenium.remote.RemoteWebDriver.execute(RemoteWebDriver.java:561)
at org.openqa.selenium.remote.ElementLocation$ElementFinder$2.findElement(ElementLocation.java:166)
at org.openqa.selenium.remote.ElementLocation.findElement(ElementLocation.java:60)
at org.openqa.selenium.remote.RemoteWebDriver.findElement(RemoteWebDriver.java:384)
at org.openqa.selenium.remote.RemoteWebDriver.findElement(RemoteWebDriver.java:378)
at org.openqa.selenium.support.pagefactory.DefaultElementLocator.findElement(DefaultElementLocator.java:68)
at org.openqa.selenium.support.pagefactory.internal.LocatingElementHandler.invoke(LocatingElementHandler.java:38)
at jdk.proxy2/jdk.proxy2.$Proxy13.getText(Unknown Source)
at pages.ManageNewsPage.verifyMessage(ManageNewsPage.java:50)
at testScript.ManageNewsTest.verifyManageNews(ManageNewsTest.java:29)
at java.base/java.util.ArrayList.forEach(ArrayList.java:1596)
at java.base/java.util.concurrent.FutureTask.run(FutureTask.java:317)
at java.base/java.util.concurrent.ThreadPoolExecutor.runWorker(ThreadPoolExecutor.java:1144)
at java.base/java.util.concurrent.ThreadPoolExecutor$Worker.run(ThreadPoolExecutor.java:642)
at java.base/java.lang.Thread.run(Thread.java:1583)
... Removed 18 stack frames]]>
    </failure>
  </testcase> <!-- verifyManageNews -->
  <testcase classname="testScript.LoginTest" name="verifyTheUserIsAbleToLoginUsingValidCredentials" time="1.341"/>
  <testcase classname="testScript.LoginTest" name="verifyTheUserIsUnableToLoginUsingWrongPassword" time="0.561">
    <failure type="org.openqa.selenium.NoSuchElementException" message="no such element: Unable to locate element: {&amp;quot;method&amp;quot;:&amp;quot;xpath&amp;quot;,&amp;quot;selector&amp;quot;:&amp;quot;//div[contains(@class,&amp;apos;alert-dismissible&amp;apos;)]&amp;quot;}
  (Session info: MicrosoftEdge=147.0.3912.72)
For documentation on this error, please visit: https://www.selenium.dev/documentation/webdriver/troubleshooting/errors#nosuchelementexception
Build info: version: &amp;apos;4.39.0&amp;apos;, revision: &amp;apos;126f156aee&amp;apos;
System info: os.name: &amp;apos;Windows 11&amp;apos;, os.arch: &amp;apos;amd64&amp;apos;, os.version: &amp;apos;10.0&amp;apos;, java.version: &amp;apos;21.0.10&amp;apos;
Driver info: org.openqa.selenium.edge.EdgeDriver
Command: [4e99e8dfe0d2fe4e406c024e0220a57e, findElement {value=//div[contains(@class,&amp;apos;alert-dismissible&amp;apos;)], using=xpath}]
Capabilities {acceptInsecureCerts: false, browserName: MicrosoftEdge, browserVersion: 147.0.3912.72, fedcm:accounts: true, goog:processID: 34632, ms:edgeOptions: {debuggerAddress: localhost:52347}, msedge: {msedgedriverVersion: 147.0.3912.86 (3a0d90fcf938..., userDataDir: C:\Users\joelt\AppData\Loca...}, networkConnectionEnabled: false, pageLoadStrategy: normal, platformName: windows, proxy: Proxy(), se:cdp: ws://localhost:52347/devtoo..., se:cdpVersion: 147.0.3912.72, setWindowRect: true, strictFileInteractability: false, timeouts: {implicit: 0, pageLoad: 300000, script: 30000}, unhandledPromptBehavior: dismiss and notify, webauthn:extension:credBlob: true, webauthn:extension:largeBlob: true, webauthn:extension:minPinLength: true, webauthn:extension:prf: true, webauthn:virtualAuthenticators: true}
Session ID: 4e99e8dfe0d2fe4e406c024e0220a57e">
      <![CDATA[org.openqa.selenium.NoSuchElementException: no such element: Unable to locate element: {"method":"xpath","selector":"//div[contains(@class,'alert-dismissible')]"}
  (Session info: MicrosoftEdge=147.0.3912.72)
For documentation on this error, please visit: https://www.selenium.dev/documentation/webdriver/troubleshooting/errors#nosuchelementexception
Build info: version: '4.39.0', revision: '126f156aee'
System info: os.name: 'Windows 11', os.arch: 'amd64', os.version: '10.0', java.version: '21.0.10'
Driver info: org.openqa.selenium.edge.EdgeDriver
Command: [4e99e8dfe0d2fe4e406c024e0220a57e, findElement {value=//div[contains(@class,'alert-dismissible')], using=xpath}]
Capabilities {acceptInsecureCerts: false, browserName: MicrosoftEdge, browserVersion: 147.0.3912.72, fedcm:accounts: true, goog:processID: 34632, ms:edgeOptions: {debuggerAddress: localhost:52347}, msedge: {msedgedriverVersion: 147.0.3912.86 (3a0d90fcf938..., userDataDir: C:\Users\joelt\AppData\Loca...}, networkConnectionEnabled: false, pageLoadStrategy: normal, platformName: windows, proxy: Proxy(), se:cdp: ws://localhost:52347/devtoo..., se:cdpVersion: 147.0.3912.72, setWindowRect: true, strictFileInteractability: false, timeouts: {implicit: 0, pageLoad: 300000, script: 30000}, unhandledPromptBehavior: dismiss and notify, webauthn:extension:credBlob: true, webauthn:extension:largeBlob: true, webauthn:extension:minPinLength: true, webauthn:extension:prf: true, webauthn:virtualAuthenticators: true}
Session ID: 4e99e8dfe0d2fe4e406c024e0220a57e
at org.openqa.selenium.remote.ErrorCodec.decode(ErrorCodec.java:167)
at org.openqa.selenium.remote.codec.w3c.W3CHttpResponseCodec.decode(W3CHttpResponseCodec.java:142)
at org.openqa.selenium.remote.codec.w3c.W3CHttpResponseCodec.decode(W3CHttpResponseCodec.java:49)
at org.openqa.selenium.remote.HttpCommandExecutor.execute(HttpCommandExecutor.java:215)
at org.openqa.selenium.remote.service.DriverCommandExecutor.invokeExecute(DriverCommandExecutor.java:216)
at org.openqa.selenium.remote.service.DriverCommandExecutor.execute(DriverCommandExecutor.java:174)
at org.openqa.selenium.remote.RemoteWebDriver.execute(RemoteWebDriver.java:561)
at org.openqa.selenium.remote.ElementLocation$ElementFinder$2.findElement(ElementLocation.java:166)
at org.openqa.selenium.remote.ElementLocation.findElement(ElementLocation.java:60)
at org.openqa.selenium.remote.RemoteWebDriver.findElement(RemoteWebDriver.java:384)
at org.openqa.selenium.remote.RemoteWebDriver.findElement(RemoteWebDriver.java:378)
at org.openqa.selenium.support.pagefactory.DefaultElementLocator.findElement(DefaultElementLocator.java:68)
at org.openqa.selenium.support.pagefactory.internal.LocatingElementHandler.invoke(LocatingElementHandler.java:38)
at jdk.proxy2/jdk.proxy2.$Proxy13.isDisplayed(Unknown Source)
at pages.LoginPage.isAlertMessageDisplayed(LoginPage.java:44)
at testScript.LoginTest.verifyTheUserIsUnableToLoginUsingWrongPassword(LoginTest.java:39)
at java.base/java.util.ArrayList.forEach(ArrayList.java:1596)
at java.base/java.util.concurrent.FutureTask.run(FutureTask.java:317)
at java.base/java.util.concurrent.ThreadPoolExecutor.runWorker(ThreadPoolExecutor.java:1144)
at java.base/java.util.concurrent.ThreadPoolExecutor$Worker.run(ThreadPoolExecutor.java:642)
at java.base/java.lang.Thread.run(Thread.java:1583)
... Removed 18 stack frames]]>
    </failure>
  </testcase> <!-- verifyTheUserIsUnableToLoginUsingWrongPassword -->
  <testcase classname="testScript.LoginTest" name="verifyTheUserIsUnableToLoginUsingWrongUserName" time="0.69"/>
  <testcase classname="testScript.LoginTest" name="verifyTheUserIsUnableToLoginUsingInvalidCredentials" time="0.42"/>
</testsuite> <!-- Edge Test -->
