<?xml version="1.0" encoding="UTF-8"?>
<!-- Generated by org.testng.reporters.JUnitXMLReporter -->
<testsuite ignored="0" hostname="Asus_Vivobook" failures="0" tests="10" name="Firefox Test" time="104.723" errors="0" timestamp="2026-04-27T10:51:45 IST">
  <testcase classname="testScript.ManageCategoryTest" name="validateManageCategory" time="6.339"/>
  <testcase classname="testScript.ManageContactTest" name="validateManageContactPage" time="3.873"/>
  <testcase classname="testScript.ManageFooterTextTest" name="validateManageFooterText" time="4.352"/>
  <testcase classname="testScript.AdminUsersTest" name="verifyAdminUsersPage" time="2.804"/>
  <testcase classname="testScript.LogoutTest" name="verifyLogout" time="1.077"/>
  <testcase classname="testScript.ManageNewsTest" name="verifyManageNews" time="1.746"/>
  <testcase classname="testScript.LoginTest" name="verifyTheUserIsAbleToLoginUsingValidCredentials" time="0.672"/>
  <testcase classname="testScript.LoginTest" name="verifyTheUserIsUnableToLoginUsingWrongPassword" time="0.265"/>
  <testcase classname="testScript.LoginTest" name="verifyTheUserIsUnableToLoginUsingWrongUserName" time="0.386"/>
  <testcase classname="testScript.LoginTest" name="verifyTheUserIsUnableToLoginUsingInvalidCredentials" time="0.426"/>
</testsuite> <!-- Firefox Test -->
