<?xml version="1.0" encoding="UTF-8"?>
<!-- Generated by org.testng.reporters.JUnitXMLReporter -->
<testsuite ignored="0" hostname="Asus_Vivobook" failures="0" tests="2" name="Test3" time="9.311" errors="0" timestamp="2026-04-28T20:27:26 IST">
  <testcase classname="testScript.ManageCategoryTest" name="validateManageCategory" time="0.165">
    <skipped/>
  </testcase> <!-- validateManageCategory -->
  <testcase classname="testScript.ManageCategoryTest" name="validateManageCategory" time="4.434"/>
</testsuite> <!-- Test3 -->
